[17;1H[K[18;1H[K[19;1H[K[20;1H[KValidando procesos en paralelo no permitidos...
[2025/08/20 13:08:35] Procesando fecha <>, producto <6>
Fecha inicial: Aug 15 2025 12:00AM
Fecha  final:   Aug 15 2025 12:00AM
[2025/08/20 13:08:35] Cargando tabla temporal de asientos agrupados
Cero registros pendientes para procesar
[2025/08/20 13:08:35] Cargando tabla #_tmp
[2025/08/20 13:08:36] 0 registros cargados en tabla #_tmp
[2025/08/20 13:08:36] Deja en estado B los que no se procesaron y estan en estado E
[2025/08/20 13:08:36] Procesando fecha <>, producto <6>
Fecha inicial: Aug 15 2025 12:00AM
Fecha  final:   Aug 16 2025 12:00AM
[2025/08/20 13:08:36] Cargando tabla temporal de asientos agrupados
Cero registros pendientes para procesar
[2025/08/20 13:08:36] Cargando tabla #_tmp
[2025/08/20 13:08:36] 0 registros cargados en tabla #_tmp
[2025/08/20 13:08:36] Deja en estado B los que no se procesaron y estan en estado E
[2025/08/20 13:08:36] Procesando fecha <>, producto <6>
Fecha inicial: Aug 15 2025 12:00AM
Fecha  final:   Aug 17 2025 12:00AM
[2025/08/20 13:08:36] Cargando tabla temporal de asientos agrupados
Cero registros pendientes para procesar
[2025/08/20 13:08:36] Cargando tabla #_tmp
[2025/08/20 13:08:36] 0 registros cargados en tabla #_tmp
[2025/08/20 13:08:36] Deja en estado B los que no se procesaron y estan en estado E
[2025/08/20 13:08:36] Procesando fecha <>, producto <6>
Fecha inicial: Aug 15 2025 12:00AM
Fecha  final:   Aug 18 2025 12:00AM
[2025/08/20 13:08:36] Cargando tabla temporal de asientos agrupados
Cero registros pendientes para procesar
[2025/08/20 13:08:36] Cargando tabla #_tmp
[2025/08/20 13:08:36] 0 registros cargados en tabla #_tmp
[2025/08/20 13:08:36] Deja en estado B los que no se procesaron y estan en estado E
[2025/08/20 13:08:36] Procesando fecha <08/19/2025>, producto <6>
Fecha inicial: Aug 15 2025 12:00AM
Fecha  final:   Aug 19 2025 12:00AM
[2025/08/20 13:08:36] Cargando tabla temporal de asientos agrupados
[2025/08/20 13:08:36] Contando asientos originales 1
[2025/08/20 13:08:36] Cuenta asientos de SyS 1
[2025/08/20 13:08:36] Calculando asientos totales
[2025/08/20 13:08:36] Perfiles criticos 0
[2025/08/20 13:08:36] No hay registros para loteo
[2025/08/20 13:08:36] Cargando tabla #_tmp
[2025/08/20 13:08:36] 2 registros cargados en tabla #_tmp
[2025/08/20 13:08:36] Procesando lote 1. Llamado al sp consu
[2025/08/20 13:08:36] Marca con error los que quedaron pendientes
[2025/08/20 13:08:36] Cargando tabla temporal de asientos agrupados
Cero registros pendientes para procesar
[2025/08/20 13:08:36] Cargando tabla #_tmp
[2025/08/20 13:08:36] 0 registros cargados en tabla #_tmp
[2025/08/20 13:08:36] Deja en estado B los que no se procesaron y estan en estado E
[2025/08/20 13:08:36] Procesando fecha <08/19/2025>, producto <6>
Fecha inicial: Aug 15 2025 12:00AM
Fecha  final:   Aug 20 2025 12:00AM
[2025/08/20 13:08:36] Cargando tabla temporal de asientos agrupados
Cero registros pendientes para procesar
[2025/08/20 13:08:36] Cargando tabla #_tmp
[2025/08/20 13:08:36] 0 registros cargados en tabla #_tmp
[2025/08/20 13:08:36] Deja en estado B los que no se procesaron y estan en estado E
[19;1H                     (No se genero niguna pagina)[20;28H[19;1H                     (No se genero niguna pagina)[20;28Hnormal termination, exit status = 0
